Exception in thread "Thread-4" java.lang.OutOfMemoryError: GC overhead limit exceeded
	at java.lang.reflect.Array.newInstance(Array.java:75)
	at java.io.ObjectInputStream.readArray(ObjectInputStream.java:1937)
	at java.io.ObjectInputStream.readObject0(ObjectInputStream.java:1565)
	at java.io.ObjectInputStream.defaultReadFields(ObjectInputStream.java:2285)
	at java.io.ObjectInputStream.readSerialData(ObjectInputStream.java:2209)
	at java.io.ObjectInputStream.readOrdinaryObject(ObjectInputStream.java:2067)
	at java.io.ObjectInputStream.readObject0(ObjectInputStream.java:1571)
	at java.io.ObjectInputStream.readArray(ObjectInputStream.java:1973)
	at java.io.ObjectInputStream.readObject0(ObjectInputStream.java:1565)
	at java.io.ObjectInputStream.defaultReadFields(ObjectInputStream.java:2285)
	at java.io.ObjectInputStream.readSerialData(ObjectInputStream.java:2209)
	at java.io.ObjectInputStream.readOrdinaryObject(ObjectInputStream.java:2067)
	at java.io.ObjectInputStream.readObject0(ObjectInputStream.java:1571)
	at java.io.ObjectInputStream.readArray(ObjectInputStream.java:1973)
	at java.io.ObjectInputStream.readObject0(ObjectInputStream.java:1565)
	at java.io.ObjectInputStream.defaultReadFields(ObjectInputStream.java:2285)
	at java.io.ObjectInputStream.readSerialData(ObjectInputStream.java:2209)
	at java.io.ObjectInputStream.readOrdinaryObject(ObjectInputStream.java:2067)
	at java.io.ObjectInputStream.readObject0(ObjectInputStream.java:1571)
	at java.io.ObjectInputStream.readArray(ObjectInputStream.java:1973)
	at java.io.ObjectInputStream.readObject0(ObjectInputStream.java:1565)
	at java.io.ObjectInputStream.defaultReadFields(ObjectInputStream.java:2285)
	at java.io.ObjectInputStream.readSerialData(ObjectInputStream.java:2209)
	at java.io.ObjectInputStream.readOrdinaryObject(ObjectInputStream.java:2067)
	at java.io.ObjectInputStream.readObject0(ObjectInputStream.java:1571)
	at java.io.ObjectInputStream.readArray(ObjectInputStream.java:1973)
	at java.io.ObjectInputStream.readObject0(ObjectInputStream.java:1565)
	at java.io.ObjectInputStream.defaultReadFields(ObjectInputStream.java:2285)
	at java.io.ObjectInputStream.readSerialData(ObjectInputStream.java:2209)
	at java.io.ObjectInputStream.readOrdinaryObject(ObjectInputStream.java:2067)
	at java.io.ObjectInputStream.readObject0(ObjectInputStream.java:1571)
	at java.io.ObjectInputStream.readArray(ObjectInputStream.java:1973)
Exception in thread "Thread-3" java.lang.OutOfMemoryError: Java heap space
	at java.io.ObjectInputStream$HandleTable.grow(ObjectInputStream.java:3833)
	at java.io.ObjectInputStream$HandleTable.assign(ObjectInputStream.java:3640)
	at java.io.ObjectInputStream.readArray(ObjectInputStream.java:1940)
	at java.io.ObjectInputStream.readObject0(ObjectInputStream.java:1565)
	at java.io.ObjectInputStream.defaultReadFields(ObjectInputStream.java:2285)
	at java.io.ObjectInputStream.readSerialData(ObjectInputStream.java:2209)
	at java.io.ObjectInputStream.readOrdinaryObject(ObjectInputStream.java:2067)
	at java.io.ObjectInputStream.readObject0(ObjectInputStream.java:1571)
	at java.io.ObjectInputStream.readArray(ObjectInputStream.java:1973)
	at java.io.ObjectInputStream.readObject0(ObjectInputStream.java:1565)
	at java.io.ObjectInputStream.defaultReadFields(ObjectInputStream.java:2285)
	at java.io.ObjectInputStream.readSerialData(ObjectInputStream.java:2209)
	at java.io.ObjectInputStream.readOrdinaryObject(ObjectInputStream.java:2067)
	at java.io.ObjectInputStream.readObject0(ObjectInputStream.java:1571)
	at java.io.ObjectInputStream.readArray(ObjectInputStream.java:1973)
	at java.io.ObjectInputStream.readObject0(ObjectInputStream.java:1565)
	at java.io.ObjectInputStream.defaultReadFields(ObjectInputStream.java:2285)
	at java.io.ObjectInputStream.readSerialData(ObjectInputStream.java:2209)
	at java.io.ObjectInputStream.readOrdinaryObject(ObjectInputStream.java:2067)
	at java.io.ObjectInputStream.readObject0(ObjectInputStream.java:1571)
	at java.io.ObjectInputStream.readArray(ObjectInputStream.java:1973)
	at java.io.ObjectInputStream.readObject0(ObjectInputStream.java:1565)
	at java.io.ObjectInputStream.defaultReadFields(ObjectInputStream.java:2285)
	at java.io.ObjectInputStream.readSerialData(ObjectInputStream.java:2209)
	at java.io.ObjectInputStream.readOrdinaryObject(ObjectInputStream.java:2067)
	at java.io.ObjectInputStream.readObject0(ObjectInputStream.java:1571)
	at java.io.ObjectInputStream.readArray(ObjectInputStream.java:1973)
	at java.io.ObjectInputStream.readObject0(ObjectInputStream.java:1565)
	at java.io.ObjectInputStream.defaultReadFields(ObjectInputStream.java:2285)
	at java.io.ObjectInputStream.readSerialData(ObjectInputStream.java:2209)
	at java.io.ObjectInputStream.readOrdinaryObject(ObjectInputStream.java:2067)
	at java.io.ObjectInputStream.readObject0(ObjectInputStream.java:1571)
Exception in thread "Thread-1" java.lang.OutOfMemoryError: GC overhead limit exceeded
	at sun.reflect.GeneratedSerializationConstructorAccessor21.newInstance(Unknown Source)
	at java.lang.reflect.Constructor.newInstance(Constructor.java:423)
	at java.io.ObjectStreamClass.newInstance(ObjectStreamClass.java:1079)
	at java.io.ObjectInputStream.readOrdinaryObject(ObjectInputStream.java:2051)
	at java.io.ObjectInputStream.readObject0(ObjectInputStream.java:1571)
	at java.io.ObjectInputStream.readArray(ObjectInputStream.java:1973)
	at java.io.ObjectInputStream.readObject0(ObjectInputStream.java:1565)
	at java.io.ObjectInputStream.defaultReadFields(ObjectInputStream.java:2285)
	at java.io.ObjectInputStream.readSerialData(ObjectInputStream.java:2209)
	at java.io.ObjectInputStream.readOrdinaryObject(ObjectInputStream.java:2067)
	at java.io.ObjectInputStream.readObject0(ObjectInputStream.java:1571)
	at java.io.ObjectInputStream.readArray(ObjectInputStream.java:1973)
	at java.io.ObjectInputStream.readObject0(ObjectInputStream.java:1565)
	at java.io.ObjectInputStream.defaultReadFields(ObjectInputStream.java:2285)
	at java.io.ObjectInputStream.readSerialData(ObjectInputStream.java:2209)
	at java.io.ObjectInputStream.readOrdinaryObject(ObjectInputStream.java:2067)
	at java.io.ObjectInputStream.readObject0(ObjectInputStream.java:1571)
	at java.io.ObjectInputStream.readArray(ObjectInputStream.java:1973)
	at java.io.ObjectInputStream.readObject0(ObjectInputStream.java:1565)
	at java.io.ObjectInputStream.defaultReadFields(ObjectInputStream.java:2285)
	at java.io.ObjectInputStream.readSerialData(ObjectInputStream.java:2209)
	at java.io.ObjectInputStream.readOrdinaryObject(ObjectInputStream.java:2067)
	at java.io.ObjectInputStream.readObject0(ObjectInputStream.java:1571)
	at java.io.ObjectInputStream.readArray(ObjectInputStream.java:1973)
	at java.io.ObjectInputStream.readObject0(ObjectInputStream.java:1565)
	at java.io.ObjectInputStream.defaultReadFields(ObjectInputStream.java:2285)
	at java.io.ObjectInputStream.readSerialData(ObjectInputStream.java:2209)
	at java.io.ObjectInputStream.readOrdinaryObject(ObjectInputStream.java:2067)
	at java.io.ObjectInputStream.readObject0(ObjectInputStream.java:1571)
	at java.io.ObjectInputStream.readArray(ObjectInputStream.java:1973)
	at java.io.ObjectInputStream.readObject0(ObjectInputStream.java:1565)
	at java.io.ObjectInputStream.defaultReadFields(ObjectInputStream.java:2285)
Exception in thread "Thread-0" java.lang.OutOfMemoryError: GC overhead limit exceeded
	at sun.reflect.GeneratedSerializationConstructorAccessor21.newInstance(Unknown Source)
	at java.lang.reflect.Constructor.newInstance(Constructor.java:423)
	at java.io.ObjectStreamClass.newInstance(ObjectStreamClass.java:1079)
	at java.io.ObjectInputStream.readOrdinaryObject(ObjectInputStream.java:2051)
	at java.io.ObjectInputStream.readObject0(ObjectInputStream.java:1571)
	at java.io.ObjectInputStream.readArray(ObjectInputStream.java:1973)
	at java.io.ObjectInputStream.readObject0(ObjectInputStream.java:1565)
	at java.io.ObjectInputStream.defaultReadFields(ObjectInputStream.java:2285)
	at java.io.ObjectInputStream.readSerialData(ObjectInputStream.java:2209)
	at java.io.ObjectInputStream.readOrdinaryObject(ObjectInputStream.java:2067)
	at java.io.ObjectInputStream.readObject0(ObjectInputStream.java:1571)
	at java.io.ObjectInputStream.readArray(ObjectInputStream.java:1973)
	at java.io.ObjectInputStream.readObject0(ObjectInputStream.java:1565)
	at java.io.ObjectInputStream.defaultReadFields(ObjectInputStream.java:2285)
	at java.io.ObjectInputStream.readSerialData(ObjectInputStream.java:2209)
	at java.io.ObjectInputStream.readOrdinaryObject(ObjectInputStream.java:2067)
	at java.io.ObjectInputStream.readObject0(ObjectInputStream.java:1571)
	at java.io.ObjectInputStream.readArray(ObjectInputStream.java:1973)
	at java.io.ObjectInputStream.readObject0(ObjectInputStream.java:1565)
	at java.io.ObjectInputStream.defaultReadFields(ObjectInputStream.java:2285)
	at java.io.ObjectInputStream.readSerialData(ObjectInputStream.java:2209)
	at java.io.ObjectInputStream.readOrdinaryObject(ObjectInputStream.java:2067)
	at java.io.ObjectInputStream.readObject0(ObjectInputStream.java:1571)
	at java.io.ObjectInputStream.readArray(ObjectInputStream.java:1973)
	at java.io.ObjectInputStream.readObject0(ObjectInputStream.java:1565)
	at java.io.ObjectInputStream.defaultReadFields(ObjectInputStream.java:2285)
	at java.io.ObjectInputStream.readSerialData(ObjectInputStream.java:2209)
	at java.io.ObjectInputStream.readOrdinaryObject(ObjectInputStream.java:2067)
	at java.io.ObjectInputStream.readObject0(ObjectInputStream.java:1571)
	at java.io.ObjectInputStream.readArray(ObjectInputStream.java:1973)
	at java.io.ObjectInputStream.readObject0(ObjectInputStream.java:1565)
	at java.io.ObjectInputStream.defaultReadFields(ObjectInputStream.java:2285)
